2025-01-20 16:11:26,339 - src.scheduler - INFO - 成功设置任务 task1 的调度: */1 * * * *
2025-01-20 16:11:26,340 - src.scheduler - INFO - 启动备份调度器
2025-01-20 16:11:26,341 - src.scheduler - INFO - 等待执行调度任务...
2025-01-20 16:11:52,873 - src.backup_manager - INFO - 开始备份目录: C:/test_backup -> C:/test_backup
2025-01-20 16:11:52,918 - paramiko.transport - INFO - Connected (version 2.0, client OpenSSH_for_Windows_9.8)
2025-01-20 16:11:53,029 - paramiko.transport - INFO - Authentication (password) successful!
2025-01-20 16:11:53,233 - paramiko.transport.sftp - INFO - [chan 0] Opened sftp connection (server version 3)
2025-01-20 16:11:53,233 - src.sftp_client - INFO - 成功连接到服务器 192.168.200.10
2025-01-20 16:11:53,243 - src.sftp_client - INFO - 文件已是最新版本，跳过: C:/test_backup\1.txt
2025-01-20 16:11:53,248 - src.sftp_client - INFO - 文件已是最新版本，跳过: C:/test_backup\test.txt
2025-01-20 16:11:53,249 - src.backup_manager - INFO - 目录备份完成: C:/test_backup
2025-01-20 16:11:53,249 - src.backup_manager - INFO - 成功备份 2/2 个文件
2025-01-20 16:11:53,249 - paramiko.transport.sftp - INFO - [chan 0] sftp session closed.
2025-01-20 16:11:53,252 - src.backup_manager - INFO - --------------------------------------------------
2025-01-20 16:11:53,252 - src.backup_manager - INFO - 备份任务总结 - task1
2025-01-20 16:11:53,252 - src.backup_manager - INFO - 开始时间: 2025-01-20 16:11:52
2025-01-20 16:11:53,252 - src.backup_manager - INFO - 结束时间: 2025-01-20 16:11:53
2025-01-20 16:11:53,252 - src.backup_manager - INFO - 总文件数: 2
2025-01-20 16:11:53,252 - src.backup_manager - INFO - 总大小: 0.00 B
2025-01-20 16:11:53,252 - src.backup_manager - INFO - 成功: 0 个文件
2025-01-20 16:11:53,252 - src.backup_manager - INFO - 失败: 0 个文件
2025-01-20 16:11:53,252 - src.backup_manager - INFO - 跳过: 2 个文件（已是最新）
2025-01-20 16:11:53,252 - src.backup_manager - INFO - --------------------------------------------------
2025-01-20 16:12:25,819 - src.backup_manager - INFO - 开始备份目录: C:/test_backup -> C:/test_backup
2025-01-20 16:12:25,861 - paramiko.transport - INFO - Connected (version 2.0, client OpenSSH_for_Windows_9.8)
2025-01-20 16:12:26,010 - paramiko.transport - INFO - Authentication (password) successful!
2025-01-20 16:12:26,228 - paramiko.transport.sftp - INFO - [chan 0] Opened sftp connection (server version 3)
2025-01-20 16:12:26,228 - src.sftp_client - INFO - 成功连接到服务器 192.168.200.10
2025-01-20 16:12:26,228 - src.sftp_client - INFO - 文件已是最新版本，跳过: C:/test_backup\1.txt
2025-01-20 16:12:26,238 - src.sftp_client - INFO - 文件已是最新版本，跳过: C:/test_backup\test.txt
2025-01-20 16:12:26,238 - src.backup_manager - INFO - 目录备份完成: C:/test_backup
2025-01-20 16:12:26,238 - src.backup_manager - INFO - 成功备份 2/2 个文件
2025-01-20 16:12:26,238 - paramiko.transport.sftp - INFO - [chan 0] sftp session closed.
2025-01-20 16:12:26,240 - src.backup_manager - INFO - --------------------------------------------------
2025-01-20 16:12:26,241 - src.backup_manager - INFO - 备份任务总结 - task1
2025-01-20 16:12:26,241 - src.backup_manager - INFO - 开始时间: 2025-01-20 16:12:25
2025-01-20 16:12:26,241 - src.backup_manager - INFO - 结束时间: 2025-01-20 16:12:26
2025-01-20 16:12:26,241 - src.backup_manager - INFO - 总文件数: 2
2025-01-20 16:12:26,241 - src.backup_manager - INFO - 总大小: 0.00 B
2025-01-20 16:12:26,242 - src.backup_manager - INFO - 成功: 0 个文件
2025-01-20 16:12:26,242 - src.backup_manager - INFO - 失败: 0 个文件
2025-01-20 16:12:26,242 - src.backup_manager - INFO - 跳过: 2 个文件（已是最新）
2025-01-20 16:12:26,242 - src.backup_manager - INFO - --------------------------------------------------
2025-01-20 16:14:53,721 - src.scheduler - INFO - 成功设置任务 task1 的调度: */1 * * * *
2025-01-20 16:14:53,722 - src.scheduler - INFO - 启动备份调度器
2025-01-20 16:14:53,723 - src.scheduler - INFO - 等待执行调度任务...
